Flutter crash report.
Please report a bug at https://github.com/flutter/flutter/issues.

## command

flutter run

## exception

HttpException: HttpException: Connection closed before full header was received, uri = http://localhost:1982/json

```
```

## flutter doctor

```
[✓] Flutter (Channel stable, 2.10.2, on Microsoft Windows [Version 10.0.19044.1526], locale en-US)
    • Flutter version 2.10.2 at C:\src\flutter
    • Upstream repository https://github.com/flutter/flutter.git
    • Framework revision 097d3313d8 (3 weeks ago), 2022-02-18 19:33:08 -0600
    • Engine revision a83ed0e5e3
    • Dart version 2.16.1
    • DevTools version 2.9.2

[✓] Android toolchain - develop for Android devices (Android SDK version 31.0.0)
    • Android SDK at C:\Users\CODE\AppData\Local\Android\sdk
    • Platform android-31, build-tools 31.0.0
    • Java binary at: C:\Program Files\Android\Android Studio\jre\bin\java
    • Java version OpenJDK Runtime Environment (build 11.0.10+0-b96-7249189)
    • All Android licenses accepted.

[✓] Chrome - develop for the web
    • Chrome at C:\Program Files (x86)\Google\Chrome\Application\chrome.exe

[!] Visual Studio - develop for Windows (Visual Studio Build Tools 2017 15.9.38)
    • Visual Studio at C:\Program Files (x86)\Microsoft Visual Studio\2017\BuildTools
    • Visual Studio Build Tools 2017 version 15.9.28307.1622
    • Windows 10 SDK version 10.0.17763.0
    ✗ Visual Studio 2019 or later is required.
      Download at https://visualstudio.microsoft.com/downloads/.
      Please install the "Desktop development with C++" workload, including all of its default components

[✓] Android Studio (version 2020.3)
    • Android Studio at C:\Program Files\Android\Android Studio
    • Flutter plugin can be installed from:
      🔨 https://plugins.jetbrains.com/plugin/9212-flutter
    • Dart plugin can be installed from:
      🔨 https://plugins.jetbrains.com/plugin/6351-dart
    • Java version OpenJDK Runtime Environment (build 11.0.10+0-b96-7249189)

[✓] IntelliJ IDEA Community Edition (version 2021.2)
    • IntelliJ at C:\Program Files\JetBrains\IntelliJ IDEA Community Edition 2021.2.3
    • Flutter plugin can be installed from:
      🔨 https://plugins.jetbrains.com/plugin/9212-flutter
    • Dart plugin can be installed from:
      🔨 https://plugins.jetbrains.com/plugin/6351-dart

[✓] VS Code, 64-bit edition (version 1.64.2)
    • VS Code at C:\Program Files\Microsoft VS Code
    • Flutter extension version 3.36.0

[✓] Connected device (3 available)
    • Windows (desktop) • windows • windows-x64    • Microsoft Windows [Version 10.0.19044.1526]
    • Chrome (web)      • chrome  • web-javascript • Google Chrome 99.0.4844.51
    • Edge (web)        • edge    • web-javascript • Microsoft Edge 99.0.1150.30

[✓] HTTP Host Availability
    • All required HTTP hosts are available

! Doctor found issues in 1 category.
```
